[restartedMain] INFO  [AbstractApplicationContext.java : 583 ][Nov 21 2017 21:08:14.949] Refreshing org.springframework.boot.context.embedded.AnnotationConfigEmbeddedWebApplicationContext@4073ac0d: startup date [Tue Nov 21 21:08:14 CST 2017]; root of context hierarchy
[restartedMain] INFO  [TomcatEmbeddedServletContainer.java : 89  ][Nov 21 2017 21:08:21.663] Tomcat initialized with port(s): 8080 (http)
[localhost-startStop-1] INFO  [ServletRegistrationBean.java   : 190 ][Nov 21 2017 21:08:22.545] Mapping servlet: 'dispatcherServlet' to [/]
[localhost-startStop-1] INFO  [AbstractFilterRegistrationBean.java : 258 ][Nov 21 2017 21:08:22.551] Mapping filter: 'metricsFilter' to: [/*]
[localhost-startStop-1] INFO  [AbstractFilterRegistrationBean.java : 258 ][Nov 21 2017 21:08:22.552] Mapping filter: 'characterEncodingFilter' to: [/*]
[localhost-startStop-1] INFO  [AbstractFilterRegistrationBean.java : 258 ][Nov 21 2017 21:08:22.553] Mapping filter: 'hiddenHttpMethodFilter' to: [/*]
[localhost-startStop-1] INFO  [AbstractFilterRegistrationBean.java : 258 ][Nov 21 2017 21:08:22.554] Mapping filter: 'httpPutFormContentFilter' to: [/*]
[localhost-startStop-1] INFO  [AbstractFilterRegistrationBean.java : 258 ][Nov 21 2017 21:08:22.554] Mapping filter: 'requestContextFilter' to: [/*]
[localhost-startStop-1] INFO  [AbstractFilterRegistrationBean.java : 258 ][Nov 21 2017 21:08:22.554] Mapping filter: 'webRequestLoggingFilter' to: [/*]
[localhost-startStop-1] INFO  [AbstractFilterRegistrationBean.java : 258 ][Nov 21 2017 21:08:22.555] Mapping filter: 'applicationContextIdFilter' to: [/*]
[restartedMain] INFO  [AbstractHandlerMethodMapping.java : 543 ][Nov 21 2017 21:08:29.442] Mapped "{[/beans || /beans.json],methods=[GET],produces=[application/vnd.spring-boot.actuator.v1+json || application/json]}" onto public java.lang.Object org.springframework.boot.actuate.endpoint.mvc.EndpointMvcAdapter.invoke()
[restartedMain] INFO  [AbstractHandlerMethodMapping.java : 543 ][Nov 21 2017 21:08:29.445] Mapped "{[/dump || /dump.json],methods=[GET],produces=[application/vnd.spring-boot.actuator.v1+json || application/json]}" onto public java.lang.Object org.springframework.boot.actuate.endpoint.mvc.EndpointMvcAdapter.invoke()
[restartedMain] INFO  [AbstractHandlerMethodMapping.java : 543 ][Nov 21 2017 21:08:29.450] Mapped "{[/loggers/{name:.*}],methods=[GET],produces=[application/vnd.spring-boot.actuator.v1+json || application/json]}" onto public java.lang.Object org.springframework.boot.actuate.endpoint.mvc.LoggersMvcEndpoint.get(java.lang.String)
[restartedMain] INFO  [AbstractHandlerMethodMapping.java : 543 ][Nov 21 2017 21:08:29.451] Mapped "{[/loggers/{name:.*}],methods=[POST],consumes=[application/vnd.spring-boot.actuator.v1+json || application/json],produces=[application/vnd.spring-boot.actuator.v1+json || application/json]}" onto public java.lang.Object org.springframework.boot.actuate.endpoint.mvc.LoggersMvcEndpoint.set(java.lang.String,java.util.Map<java.lang.String, java.lang.String>)
[restartedMain] INFO  [AbstractHandlerMethodMapping.java : 543 ][Nov 21 2017 21:08:29.452] Mapped "{[/loggers || /loggers.json],methods=[GET],produces=[application/vnd.spring-boot.actuator.v1+json || application/json]}" onto public java.lang.Object org.springframework.boot.actuate.endpoint.mvc.EndpointMvcAdapter.invoke()
[restartedMain] INFO  [AbstractHandlerMethodMapping.java : 543 ][Nov 21 2017 21:08:29.453] Mapped "{[/auditevents || /auditevents.json],methods=[GET],produces=[application/vnd.spring-boot.actuator.v1+json || application/json]}" onto public org.springframework.http.ResponseEntity<?> org.springframework.boot.actuate.endpoint.mvc.AuditEventsMvcEndpoint.findByPrincipalAndAfterAndType(java.lang.String,java.util.Date,java.lang.String)
[restartedMain] INFO  [AbstractHandlerMethodMapping.java : 543 ][Nov 21 2017 21:08:29.456] Mapped "{[/info || /info.json],methods=[GET],produces=[application/vnd.spring-boot.actuator.v1+json || application/json]}" onto public java.lang.Object org.springframework.boot.actuate.endpoint.mvc.EndpointMvcAdapter.invoke()
[restartedMain] INFO  [AbstractHandlerMethodMapping.java : 543 ][Nov 21 2017 21:08:29.459] Mapped "{[/heapdump || /heapdump.json],methods=[GET],produces=[application/octet-stream]}" onto public void org.springframework.boot.actuate.endpoint.mvc.HeapdumpMvcEndpoint.invoke(boolean,javax.servlet.http.HttpServletRequest,javax.servlet.http.HttpServletResponse) throws java.io.IOException,javax.servlet.ServletException
[restartedMain] INFO  [AbstractHandlerMethodMapping.java : 543 ][Nov 21 2017 21:08:29.461] Mapped "{[/autoconfig || /autoconfig.json],methods=[GET],produces=[application/vnd.spring-boot.actuator.v1+json || application/json]}" onto public java.lang.Object org.springframework.boot.actuate.endpoint.mvc.EndpointMvcAdapter.invoke()
[restartedMain] INFO  [AbstractHandlerMethodMapping.java : 543 ][Nov 21 2017 21:08:29.466] Mapped "{[/health || /health.json],methods=[GET],produces=[application/vnd.spring-boot.actuator.v1+json || application/json]}" onto public java.lang.Object org.springframework.boot.actuate.endpoint.mvc.HealthMvcEndpoint.invoke(javax.servlet.http.HttpServletRequest,java.security.Principal)
[restartedMain] INFO  [AbstractHandlerMethodMapping.java : 543 ][Nov 21 2017 21:08:29.468] Mapped "{[/mappings || /mappings.json],methods=[GET],produces=[application/vnd.spring-boot.actuator.v1+json || application/json]}" onto public java.lang.Object org.springframework.boot.actuate.endpoint.mvc.EndpointMvcAdapter.invoke()
[restartedMain] INFO  [AbstractHandlerMethodMapping.java : 543 ][Nov 21 2017 21:08:29.470] Mapped "{[/configprops || /configprops.json],methods=[GET],produces=[application/vnd.spring-boot.actuator.v1+json || application/json]}" onto public java.lang.Object org.springframework.boot.actuate.endpoint.mvc.EndpointMvcAdapter.invoke()
[restartedMain] INFO  [AbstractHandlerMethodMapping.java : 543 ][Nov 21 2017 21:08:29.473] Mapped "{[/camel/route-controller || /camel/route-controller.json],methods=[GET],produces=[application/vnd.spring-boot.actuator.v1+json || application/json]}" onto public java.lang.Object org.springframework.boot.actuate.endpoint.mvc.EndpointMvcAdapter.invoke()
[restartedMain] INFO  [AbstractHandlerMethodMapping.java : 543 ][Nov 21 2017 21:08:29.477] Mapped "{[/metrics/{name:.*}],methods=[GET],produces=[application/vnd.spring-boot.actuator.v1+json || application/json]}" onto public java.lang.Object org.springframework.boot.actuate.endpoint.mvc.MetricsMvcEndpoint.value(java.lang.String)
[restartedMain] INFO  [AbstractHandlerMethodMapping.java : 543 ][Nov 21 2017 21:08:29.478] Mapped "{[/metrics || /metrics.json],methods=[GET],produces=[application/vnd.spring-boot.actuator.v1+json || application/json]}" onto public java.lang.Object org.springframework.boot.actuate.endpoint.mvc.EndpointMvcAdapter.invoke()
[restartedMain] INFO  [AbstractHandlerMethodMapping.java : 543 ][Nov 21 2017 21:08:29.481] Mapped "{[/env/{name:.*}],methods=[GET],produces=[application/vnd.spring-boot.actuator.v1+json || application/json]}" onto public java.lang.Object org.springframework.boot.actuate.endpoint.mvc.EnvironmentMvcEndpoint.value(java.lang.String)
[restartedMain] INFO  [AbstractHandlerMethodMapping.java : 543 ][Nov 21 2017 21:08:29.483] Mapped "{[/env || /env.json],methods=[GET],produces=[application/vnd.spring-boot.actuator.v1+json || application/json]}" onto public java.lang.Object org.springframework.boot.actuate.endpoint.mvc.EndpointMvcAdapter.invoke()
[restartedMain] INFO  [AbstractHandlerMethodMapping.java : 543 ][Nov 21 2017 21:08:29.485] Mapped "{[/trace || /trace.json],methods=[GET],produces=[application/vnd.spring-boot.actuator.v1+json || application/json]}" onto public java.lang.Object org.springframework.boot.actuate.endpoint.mvc.EndpointMvcAdapter.invoke()
[restartedMain] INFO  [AbstractHandlerMethodMapping.java : 543 ][Nov 21 2017 21:08:29.492] Mapped "{[/camel/health/check/{id}/invoke],methods=[GET],produces=[application/vnd.spring-boot.actuator.v1+json || application/json]}" onto public java.lang.Object org.apache.camel.spring.boot.actuate.endpoint.CamelHealthCheckMvcEndpoint.invoke(java.lang.String,java.util.Map<java.lang.String, java.lang.Object>)
[restartedMain] INFO  [AbstractHandlerMethodMapping.java : 543 ][Nov 21 2017 21:08:29.494] Mapped "{[/camel/health/check/{id}],methods=[GET],produces=[application/vnd.spring-boot.actuator.v1+json || application/json]}" onto public java.lang.Object org.apache.camel.spring.boot.actuate.endpoint.CamelHealthCheckMvcEndpoint.query(java.lang.String,java.util.Map<java.lang.String, java.lang.Object>)
[restartedMain] INFO  [AbstractHandlerMethodMapping.java : 543 ][Nov 21 2017 21:08:29.495] Mapped "{[/camel/health/check || /camel/health/check.json],methods=[GET],produces=[application/vnd.spring-boot.actuator.v1+json || application/json]}" onto public java.lang.Object org.springframework.boot.actuate.endpoint.mvc.EndpointMvcAdapter.invoke()
[restartedMain] INFO  [AbstractHandlerMethodMapping.java : 543 ][Nov 21 2017 21:08:29.509] Mapped "{[/camel/routes/{id}/start],methods=[POST],produces=[application/vnd.spring-boot.actuator.v1+json || application/json]}" onto public java.lang.Object org.apache.camel.spring.boot.actuate.endpoint.CamelRoutesMvcEndpoint.start(java.lang.String)
[restartedMain] INFO  [AbstractHandlerMethodMapping.java : 543 ][Nov 21 2017 21:08:29.510] Mapped "{[/camel/routes/{id}/resume],methods=[POST],produces=[application/vnd.spring-boot.actuator.v1+json || application/json]}" onto public java.lang.Object org.apache.camel.spring.boot.actuate.endpoint.CamelRoutesMvcEndpoint.resume(java.lang.String)
[restartedMain] INFO  [AbstractHandlerMethodMapping.java : 543 ][Nov 21 2017 21:08:29.512] Mapped "{[/camel/routes/{id}/stop],methods=[POST],produces=[application/vnd.spring-boot.actuator.v1+json || application/json]}" onto public java.lang.Object org.apache.camel.spring.boot.actuate.endpoint.CamelRoutesMvcEndpoint.stop(java.lang.String,java.lang.Long,java.lang.Boolean)
[restartedMain] INFO  [AbstractHandlerMethodMapping.java : 543 ][Nov 21 2017 21:08:29.513] Mapped "{[/camel/routes/{id}/suspend],methods=[POST],produces=[application/vnd.spring-boot.actuator.v1+json || application/json]}" onto public java.lang.Object org.apache.camel.spring.boot.actuate.endpoint.CamelRoutesMvcEndpoint.suspend(java.lang.String,java.lang.Long)
[restartedMain] INFO  [AbstractHandlerMethodMapping.java : 543 ][Nov 21 2017 21:08:29.515] Mapped "{[/camel/routes/{id}/reset],methods=[POST],produces=[application/vnd.spring-boot.actuator.v1+json || application/json]}" onto public java.lang.Object org.apache.camel.spring.boot.actuate.endpoint.CamelRoutesMvcEndpoint.reset(java.lang.String)
[restartedMain] INFO  [AbstractHandlerMethodMapping.java : 543 ][Nov 21 2017 21:08:29.516] Mapped "{[/camel/routes/{id}/info],methods=[GET],produces=[application/vnd.spring-boot.actuator.v1+json || application/json]}" onto public java.lang.Object org.apache.camel.spring.boot.actuate.endpoint.CamelRoutesMvcEndpoint.info(java.lang.String)
[restartedMain] INFO  [AbstractHandlerMethodMapping.java : 543 ][Nov 21 2017 21:08:29.517] Mapped "{[/camel/routes/{id}/detail],methods=[GET],produces=[application/vnd.spring-boot.actuator.v1+json || application/json]}" onto public java.lang.Object org.apache.camel.spring.boot.actuate.endpoint.CamelRoutesMvcEndpoint.detail(java.lang.String)
[restartedMain] INFO  [AbstractHandlerMethodMapping.java : 543 ][Nov 21 2017 21:08:29.519] Mapped "{[/camel/routes || /camel/routes.json],methods=[GET],produces=[application/vnd.spring-boot.actuator.v1+json || application/json]}" onto public java.lang.Object org.springframework.boot.actuate.endpoint.mvc.EndpointMvcAdapter.invoke()
[restartedMain] INFO  [OptionalLiveReloadServer.java  : 58  ][Nov 21 2017 21:08:30.010] LiveReload server is running on port 35729
[restartedMain] INFO  [MBeanExporter.java             : 431 ][Nov 21 2017 21:08:30.312] Registering beans for JMX exposure on startup
[restartedMain] INFO  [MBeanExporter.java             : 678 ][Nov 21 2017 21:08:30.327] Located managed bean 'auditEventsEndpoint': registering with JMX server as MBean [org.springframework.boot:type=Endpoint,name=auditEventsEndpoint]
[restartedMain] INFO  [MBeanExporter.java             : 678 ][Nov 21 2017 21:08:30.366] Located managed bean 'healthChecksEndpoint': registering with JMX server as MBean [org.springframework.boot:type=Endpoint,name=healthChecksEndpoint]
[restartedMain] INFO  [MBeanExporter.java             : 678 ][Nov 21 2017 21:08:30.390] Located managed bean 'routeControllerEndpoint': registering with JMX server as MBean [org.springframework.boot:type=Endpoint,name=routeControllerEndpoint]
[restartedMain] INFO  [MBeanExporter.java             : 678 ][Nov 21 2017 21:08:30.401] Located managed bean 'camelEndpoint': registering with JMX server as MBean [org.springframework.boot:type=Endpoint,name=camelEndpoint]
[restartedMain] INFO  [MBeanExporter.java             : 678 ][Nov 21 2017 21:08:30.410] Located managed bean 'requestMappingEndpoint': registering with JMX server as MBean [org.springframework.boot:type=Endpoint,name=requestMappingEndpoint]
[restartedMain] INFO  [MBeanExporter.java             : 678 ][Nov 21 2017 21:08:30.418] Located managed bean 'environmentEndpoint': registering with JMX server as MBean [org.springframework.boot:type=Endpoint,name=environmentEndpoint]
[restartedMain] INFO  [MBeanExporter.java             : 678 ][Nov 21 2017 21:08:30.425] Located managed bean 'healthEndpoint': registering with JMX server as MBean [org.springframework.boot:type=Endpoint,name=healthEndpoint]
[restartedMain] INFO  [MBeanExporter.java             : 678 ][Nov 21 2017 21:08:30.433] Located managed bean 'beansEndpoint': registering with JMX server as MBean [org.springframework.boot:type=Endpoint,name=beansEndpoint]
[restartedMain] INFO  [MBeanExporter.java             : 678 ][Nov 21 2017 21:08:30.441] Located managed bean 'infoEndpoint': registering with JMX server as MBean [org.springframework.boot:type=Endpoint,name=infoEndpoint]
[restartedMain] INFO  [MBeanExporter.java             : 678 ][Nov 21 2017 21:08:30.451] Located managed bean 'loggersEndpoint': registering with JMX server as MBean [org.springframework.boot:type=Endpoint,name=loggersEndpoint]
[restartedMain] INFO  [MBeanExporter.java             : 678 ][Nov 21 2017 21:08:30.467] Located managed bean 'metricsEndpoint': registering with JMX server as MBean [org.springframework.boot:type=Endpoint,name=metricsEndpoint]
[restartedMain] INFO  [MBeanExporter.java             : 678 ][Nov 21 2017 21:08:30.475] Located managed bean 'traceEndpoint': registering with JMX server as MBean [org.springframework.boot:type=Endpoint,name=traceEndpoint]
[restartedMain] INFO  [MBeanExporter.java             : 678 ][Nov 21 2017 21:08:30.484] Located managed bean 'dumpEndpoint': registering with JMX server as MBean [org.springframework.boot:type=Endpoint,name=dumpEndpoint]
[restartedMain] INFO  [MBeanExporter.java             : 678 ][Nov 21 2017 21:08:30.491] Located managed bean 'autoConfigurationReportEndpoint': registering with JMX server as MBean [org.springframework.boot:type=Endpoint,name=autoConfigurationReportEndpoint]
[restartedMain] INFO  [MBeanExporter.java             : 678 ][Nov 21 2017 21:08:30.497] Located managed bean 'configurationPropertiesReportEndpoint': registering with JMX server as MBean [org.springframework.boot:type=Endpoint,name=configurationPropertiesReportEndpoint]
[restartedMain] INFO  [TomcatEmbeddedServletContainer.java : 201 ][Nov 21 2017 21:08:31.003] Tomcat started on port(s): 8080 (http)
