[restartedMain] INFO  [AbstractApplicationContext.java : 583 ][Nov 14 2017 22:39:09.019] Refreshing org.springframework.boot.context.embedded.AnnotationConfigEmbeddedWebApplicationContext@63033feb: startup date [Tue Nov 14 22:39:08 CST 2017]; root of context hierarchy
[restartedMain] INFO  [AbstractApplicationContext.java : 583 ][Nov 14 2017 22:44:06.938] Refreshing org.springframework.boot.context.embedded.AnnotationConfigEmbeddedWebApplicationContext@3ec73c0c: startup date [Tue Nov 14 22:44:06 CST 2017]; root of context hierarchy
[restartedMain] INFO  [TomcatEmbeddedServletContainer.java : 89  ][Nov 14 2017 22:44:18.466] Tomcat initialized with port(s): 8080 (http)
[localhost-startStop-1] INFO  [ServletRegistrationBean.java   : 190 ][Nov 14 2017 22:44:19.119] Mapping servlet: 'dispatcherServlet' to [/]
[localhost-startStop-1] INFO  [AbstractFilterRegistrationBean.java : 258 ][Nov 14 2017 22:44:19.124] Mapping filter: 'metricsFilter' to: [/*]
[localhost-startStop-1] INFO  [AbstractFilterRegistrationBean.java : 258 ][Nov 14 2017 22:44:19.125] Mapping filter: 'characterEncodingFilter' to: [/*]
[localhost-startStop-1] INFO  [AbstractFilterRegistrationBean.java : 258 ][Nov 14 2017 22:44:19.125] Mapping filter: 'hiddenHttpMethodFilter' to: [/*]
[localhost-startStop-1] INFO  [AbstractFilterRegistrationBean.java : 258 ][Nov 14 2017 22:44:19.125] Mapping filter: 'httpPutFormContentFilter' to: [/*]
[localhost-startStop-1] INFO  [AbstractFilterRegistrationBean.java : 258 ][Nov 14 2017 22:44:19.126] Mapping filter: 'requestContextFilter' to: [/*]
[localhost-startStop-1] INFO  [AbstractFilterRegistrationBean.java : 258 ][Nov 14 2017 22:44:19.126] Mapping filter: 'webRequestLoggingFilter' to: [/*]
[localhost-startStop-1] INFO  [AbstractFilterRegistrationBean.java : 258 ][Nov 14 2017 22:44:19.126] Mapping filter: 'applicationContextIdFilter' to: [/*]
[restartedMain] INFO  [AbstractHandlerMethodMapping.java : 543 ][Nov 14 2017 22:44:24.079] Mapped "{[/beans || /beans.json],methods=[GET],produces=[application/vnd.spring-boot.actuator.v1+json || application/json]}" onto public java.lang.Object org.springframework.boot.actuate.endpoint.mvc.EndpointMvcAdapter.invoke()
[restartedMain] INFO  [AbstractHandlerMethodMapping.java : 543 ][Nov 14 2017 22:44:24.080] Mapped "{[/camel/route-controller || /camel/route-controller.json],methods=[GET],produces=[application/vnd.spring-boot.actuator.v1+json || application/json]}" onto public java.lang.Object org.springframework.boot.actuate.endpoint.mvc.EndpointMvcAdapter.invoke()
[restartedMain] INFO  [AbstractHandlerMethodMapping.java : 543 ][Nov 14 2017 22:44:24.081] Mapped "{[/dump || /dump.json],methods=[GET],produces=[application/vnd.spring-boot.actuator.v1+json || application/json]}" onto public java.lang.Object org.springframework.boot.actuate.endpoint.mvc.EndpointMvcAdapter.invoke()
[restartedMain] INFO  [AbstractHandlerMethodMapping.java : 543 ][Nov 14 2017 22:44:24.083] Mapped "{[/loggers/{name:.*}],methods=[GET],produces=[application/vnd.spring-boot.actuator.v1+json || application/json]}" onto public java.lang.Object org.springframework.boot.actuate.endpoint.mvc.LoggersMvcEndpoint.get(java.lang.String)
[restartedMain] INFO  [AbstractHandlerMethodMapping.java : 543 ][Nov 14 2017 22:44:24.084] Mapped "{[/loggers/{name:.*}],methods=[POST],consumes=[application/vnd.spring-boot.actuator.v1+json || application/json],produces=[application/vnd.spring-boot.actuator.v1+json || application/json]}" onto public java.lang.Object org.springframework.boot.actuate.endpoint.mvc.LoggersMvcEndpoint.set(java.lang.String,java.util.Map<java.lang.String, java.lang.String>)
[restartedMain] INFO  [AbstractHandlerMethodMapping.java : 543 ][Nov 14 2017 22:44:24.084] Mapped "{[/loggers || /loggers.json],methods=[GET],produces=[application/vnd.spring-boot.actuator.v1+json || application/json]}" onto public java.lang.Object org.springframework.boot.actuate.endpoint.mvc.EndpointMvcAdapter.invoke()
[restartedMain] INFO  [AbstractHandlerMethodMapping.java : 543 ][Nov 14 2017 22:44:24.085] Mapped "{[/heapdump || /heapdump.json],methods=[GET],produces=[application/octet-stream]}" onto public void org.springframework.boot.actuate.endpoint.mvc.HeapdumpMvcEndpoint.invoke(boolean,javax.servlet.http.HttpServletRequest,javax.servlet.http.HttpServletResponse) throws java.io.IOException,javax.servlet.ServletException
[restartedMain] INFO  [AbstractHandlerMethodMapping.java : 543 ][Nov 14 2017 22:44:24.086] Mapped "{[/metrics/{name:.*}],methods=[GET],produces=[application/vnd.spring-boot.actuator.v1+json || application/json]}" onto public java.lang.Object org.springframework.boot.actuate.endpoint.mvc.MetricsMvcEndpoint.value(java.lang.String)
[restartedMain] INFO  [AbstractHandlerMethodMapping.java : 543 ][Nov 14 2017 22:44:24.087] Mapped "{[/metrics || /metrics.json],methods=[GET],produces=[application/vnd.spring-boot.actuator.v1+json || application/json]}" onto public java.lang.Object org.springframework.boot.actuate.endpoint.mvc.EndpointMvcAdapter.invoke()
[restartedMain] INFO  [AbstractHandlerMethodMapping.java : 543 ][Nov 14 2017 22:44:24.090] Mapped "{[/configprops || /configprops.json],methods=[GET],produces=[application/vnd.spring-boot.actuator.v1+json || application/json]}" onto public java.lang.Object org.springframework.boot.actuate.endpoint.mvc.EndpointMvcAdapter.invoke()
[restartedMain] INFO  [AbstractHandlerMethodMapping.java : 543 ][Nov 14 2017 22:44:24.091] Mapped "{[/info || /info.json],methods=[GET],produces=[application/vnd.spring-boot.actuator.v1+json || application/json]}" onto public java.lang.Object org.springframework.boot.actuate.endpoint.mvc.EndpointMvcAdapter.invoke()
[restartedMain] INFO  [AbstractHandlerMethodMapping.java : 543 ][Nov 14 2017 22:44:24.092] Mapped "{[/autoconfig || /autoconfig.json],methods=[GET],produces=[application/vnd.spring-boot.actuator.v1+json || application/json]}" onto public java.lang.Object org.springframework.boot.actuate.endpoint.mvc.EndpointMvcAdapter.invoke()
[restartedMain] INFO  [AbstractHandlerMethodMapping.java : 543 ][Nov 14 2017 22:44:24.092] Mapped "{[/mappings || /mappings.json],methods=[GET],produces=[application/vnd.spring-boot.actuator.v1+json || application/json]}" onto public java.lang.Object org.springframework.boot.actuate.endpoint.mvc.EndpointMvcAdapter.invoke()
[restartedMain] INFO  [AbstractHandlerMethodMapping.java : 543 ][Nov 14 2017 22:44:24.093] Mapped "{[/auditevents || /auditevents.json],methods=[GET],produces=[application/vnd.spring-boot.actuator.v1+json || application/json]}" onto public org.springframework.http.ResponseEntity<?> org.springframework.boot.actuate.endpoint.mvc.AuditEventsMvcEndpoint.findByPrincipalAndAfterAndType(java.lang.String,java.util.Date,java.lang.String)
[restartedMain] INFO  [AbstractHandlerMethodMapping.java : 543 ][Nov 14 2017 22:44:24.097] Mapped "{[/camel/health/check/{id}/invoke],methods=[GET],produces=[application/vnd.spring-boot.actuator.v1+json || application/json]}" onto public java.lang.Object org.apache.camel.spring.boot.actuate.endpoint.CamelHealthCheckMvcEndpoint.invoke(java.lang.String,java.util.Map<java.lang.String, java.lang.Object>)
[restartedMain] INFO  [AbstractHandlerMethodMapping.java : 543 ][Nov 14 2017 22:44:24.098] Mapped "{[/camel/health/check/{id}],methods=[GET],produces=[application/vnd.spring-boot.actuator.v1+json || application/json]}" onto public java.lang.Object org.apache.camel.spring.boot.actuate.endpoint.CamelHealthCheckMvcEndpoint.query(java.lang.String,java.util.Map<java.lang.String, java.lang.Object>)
[restartedMain] INFO  [AbstractHandlerMethodMapping.java : 543 ][Nov 14 2017 22:44:24.098] Mapped "{[/camel/health/check || /camel/health/check.json],methods=[GET],produces=[application/vnd.spring-boot.actuator.v1+json || application/json]}" onto public java.lang.Object org.springframework.boot.actuate.endpoint.mvc.EndpointMvcAdapter.invoke()
[restartedMain] INFO  [AbstractHandlerMethodMapping.java : 543 ][Nov 14 2017 22:44:24.099] Mapped "{[/trace || /trace.json],methods=[GET],produces=[application/vnd.spring-boot.actuator.v1+json || application/json]}" onto public java.lang.Object org.springframework.boot.actuate.endpoint.mvc.EndpointMvcAdapter.invoke()
[restartedMain] INFO  [AbstractHandlerMethodMapping.java : 543 ][Nov 14 2017 22:44:24.101] Mapped "{[/env/{name:.*}],methods=[GET],produces=[application/vnd.spring-boot.actuator.v1+json || application/json]}" onto public java.lang.Object org.springframework.boot.actuate.endpoint.mvc.EnvironmentMvcEndpoint.value(java.lang.String)
[restartedMain] INFO  [AbstractHandlerMethodMapping.java : 543 ][Nov 14 2017 22:44:24.101] Mapped "{[/env || /env.json],methods=[GET],produces=[application/vnd.spring-boot.actuator.v1+json || application/json]}" onto public java.lang.Object org.springframework.boot.actuate.endpoint.mvc.EndpointMvcAdapter.invoke()
[restartedMain] INFO  [AbstractHandlerMethodMapping.java : 543 ][Nov 14 2017 22:44:24.105] Mapped "{[/camel/routes/{id}/start],methods=[POST],produces=[application/vnd.spring-boot.actuator.v1+json || application/json]}" onto public java.lang.Object org.apache.camel.spring.boot.actuate.endpoint.CamelRoutesMvcEndpoint.start(java.lang.String)
[restartedMain] INFO  [AbstractHandlerMethodMapping.java : 543 ][Nov 14 2017 22:44:24.106] Mapped "{[/camel/routes/{id}/resume],methods=[POST],produces=[application/vnd.spring-boot.actuator.v1+json || application/json]}" onto public java.lang.Object org.apache.camel.spring.boot.actuate.endpoint.CamelRoutesMvcEndpoint.resume(java.lang.String)
[restartedMain] INFO  [AbstractHandlerMethodMapping.java : 543 ][Nov 14 2017 22:44:24.106] Mapped "{[/camel/routes/{id}/stop],methods=[POST],produces=[application/vnd.spring-boot.actuator.v1+json || application/json]}" onto public java.lang.Object org.apache.camel.spring.boot.actuate.endpoint.CamelRoutesMvcEndpoint.stop(java.lang.String,java.lang.Long,java.lang.Boolean)
[restartedMain] INFO  [AbstractHandlerMethodMapping.java : 543 ][Nov 14 2017 22:44:24.107] Mapped "{[/camel/routes/{id}/suspend],methods=[POST],produces=[application/vnd.spring-boot.actuator.v1+json || application/json]}" onto public java.lang.Object org.apache.camel.spring.boot.actuate.endpoint.CamelRoutesMvcEndpoint.suspend(java.lang.String,java.lang.Long)
[restartedMain] INFO  [AbstractHandlerMethodMapping.java : 543 ][Nov 14 2017 22:44:24.107] Mapped "{[/camel/routes/{id}/reset],methods=[POST],produces=[application/vnd.spring-boot.actuator.v1+json || application/json]}" onto public java.lang.Object org.apache.camel.spring.boot.actuate.endpoint.CamelRoutesMvcEndpoint.reset(java.lang.String)
[restartedMain] INFO  [AbstractHandlerMethodMapping.java : 543 ][Nov 14 2017 22:44:24.107] Mapped "{[/camel/routes/{id}/info],methods=[GET],produces=[application/vnd.spring-boot.actuator.v1+json || application/json]}" onto public java.lang.Object org.apache.camel.spring.boot.actuate.endpoint.CamelRoutesMvcEndpoint.info(java.lang.String)
[restartedMain] INFO  [AbstractHandlerMethodMapping.java : 543 ][Nov 14 2017 22:44:24.108] Mapped "{[/camel/routes/{id}/detail],methods=[GET],produces=[application/vnd.spring-boot.actuator.v1+json || application/json]}" onto public java.lang.Object org.apache.camel.spring.boot.actuate.endpoint.CamelRoutesMvcEndpoint.detail(java.lang.String)
[restartedMain] INFO  [AbstractHandlerMethodMapping.java : 543 ][Nov 14 2017 22:44:24.108] Mapped "{[/camel/routes || /camel/routes.json],methods=[GET],produces=[application/vnd.spring-boot.actuator.v1+json || application/json]}" onto public java.lang.Object org.springframework.boot.actuate.endpoint.mvc.EndpointMvcAdapter.invoke()
[restartedMain] INFO  [AbstractHandlerMethodMapping.java : 543 ][Nov 14 2017 22:44:24.109] Mapped "{[/health || /health.json],methods=[GET],produces=[application/vnd.spring-boot.actuator.v1+json || application/json]}" onto public java.lang.Object org.springframework.boot.actuate.endpoint.mvc.HealthMvcEndpoint.invoke(javax.servlet.http.HttpServletRequest,java.security.Principal)
[restartedMain] INFO  [OptionalLiveReloadServer.java  : 58  ][Nov 14 2017 22:44:24.434] LiveReload server is running on port 35729
[restartedMain] INFO  [MBeanExporter.java             : 431 ][Nov 14 2017 22:44:24.923] Registering beans for JMX exposure on startup
[restartedMain] INFO  [MBeanExporter.java             : 678 ][Nov 14 2017 22:44:24.941] Located managed bean 'auditEventsEndpoint': registering with JMX server as MBean [org.springframework.boot:type=Endpoint,name=auditEventsEndpoint]
[restartedMain] INFO  [MBeanExporter.java             : 678 ][Nov 14 2017 22:44:24.990] Located managed bean 'healthChecksEndpoint': registering with JMX server as MBean [org.springframework.boot:type=Endpoint,name=healthChecksEndpoint]
[restartedMain] INFO  [MBeanExporter.java             : 678 ][Nov 14 2017 22:44:25.002] Located managed bean 'routeControllerEndpoint': registering with JMX server as MBean [org.springframework.boot:type=Endpoint,name=routeControllerEndpoint]
[restartedMain] INFO  [MBeanExporter.java             : 678 ][Nov 14 2017 22:44:25.008] Located managed bean 'camelEndpoint': registering with JMX server as MBean [org.springframework.boot:type=Endpoint,name=camelEndpoint]
[restartedMain] INFO  [MBeanExporter.java             : 678 ][Nov 14 2017 22:44:25.012] Located managed bean 'requestMappingEndpoint': registering with JMX server as MBean [org.springframework.boot:type=Endpoint,name=requestMappingEndpoint]
[restartedMain] INFO  [MBeanExporter.java             : 678 ][Nov 14 2017 22:44:25.016] Located managed bean 'environmentEndpoint': registering with JMX server as MBean [org.springframework.boot:type=Endpoint,name=environmentEndpoint]
[restartedMain] INFO  [MBeanExporter.java             : 678 ][Nov 14 2017 22:44:25.019] Located managed bean 'healthEndpoint': registering with JMX server as MBean [org.springframework.boot:type=Endpoint,name=healthEndpoint]
[restartedMain] INFO  [MBeanExporter.java             : 678 ][Nov 14 2017 22:44:25.022] Located managed bean 'beansEndpoint': registering with JMX server as MBean [org.springframework.boot:type=Endpoint,name=beansEndpoint]
[restartedMain] INFO  [MBeanExporter.java             : 678 ][Nov 14 2017 22:44:25.026] Located managed bean 'infoEndpoint': registering with JMX server as MBean [org.springframework.boot:type=Endpoint,name=infoEndpoint]
[restartedMain] INFO  [MBeanExporter.java             : 678 ][Nov 14 2017 22:44:25.030] Located managed bean 'loggersEndpoint': registering with JMX server as MBean [org.springframework.boot:type=Endpoint,name=loggersEndpoint]
[restartedMain] INFO  [MBeanExporter.java             : 678 ][Nov 14 2017 22:44:25.037] Located managed bean 'metricsEndpoint': registering with JMX server as MBean [org.springframework.boot:type=Endpoint,name=metricsEndpoint]
[restartedMain] INFO  [MBeanExporter.java             : 678 ][Nov 14 2017 22:44:25.040] Located managed bean 'traceEndpoint': registering with JMX server as MBean [org.springframework.boot:type=Endpoint,name=traceEndpoint]
[restartedMain] INFO  [MBeanExporter.java             : 678 ][Nov 14 2017 22:44:25.043] Located managed bean 'dumpEndpoint': registering with JMX server as MBean [org.springframework.boot:type=Endpoint,name=dumpEndpoint]
[restartedMain] INFO  [MBeanExporter.java             : 678 ][Nov 14 2017 22:44:25.045] Located managed bean 'autoConfigurationReportEndpoint': registering with JMX server as MBean [org.springframework.boot:type=Endpoint,name=autoConfigurationReportEndpoint]
[restartedMain] INFO  [MBeanExporter.java             : 678 ][Nov 14 2017 22:44:25.048] Located managed bean 'configurationPropertiesReportEndpoint': registering with JMX server as MBean [org.springframework.boot:type=Endpoint,name=configurationPropertiesReportEndpoint]
[restartedMain] INFO  [TomcatEmbeddedServletContainer.java : 201 ][Nov 14 2017 22:44:25.433] Tomcat started on port(s): 8080 (http)
